0 info it worked if it ends with ok
1 verbose cli [ '/usr/bin/nodejs', '/usr/bin/npm', 'run', 'e2e' ]
2 info using npm@3.10.10
3 info using node@v6.11.2
4 verbose run-script [ 'pree2e', 'e2e', 'poste2e' ]
5 info lifecycle voting_app@1.1.0~pree2e: voting_app@1.1.0
6 silly lifecycle voting_app@1.1.0~pree2e: no script for pree2e, continuing
7 info lifecycle voting_app@1.1.0~e2e: voting_app@1.1.0
8 verbose lifecycle voting_app@1.1.0~e2e: unsafe-perm in lifecycle true
9 verbose lifecycle voting_app@1.1.0~e2e: PATH: /usr/lib/node_modules/npm/bin/node-gyp-bin:/home/askar/Downloads/fullstack-react-code/voting_app/node_modules/.bin:/usr/lib/node_modules/npm/bin/node-gyp-bin:/home/askar/Downloads/fullstack-react-code/voting_app/node_modules/.bin:/home/askar/bin:/home/askar/.local/bin:/usr/local/sbin:/usr/local/bin:/usr/sbin:/usr/bin:/sbin:/bin:/usr/games:/usr/local/games:/usr/lib/jvm/java-8-oracle/bin:/usr/lib/jvm/java-8-oracle/db/bin:/usr/lib/jvm/java-8-oracle/jre/bin:/home/askar/jpm/bin:/home/askar/jpm/bin
10 verbose lifecycle voting_app@1.1.0~e2e: CWD: /home/askar/Downloads/fullstack-react-code/voting_app
11 silly lifecycle voting_app@1.1.0~e2e: Args: [ '-c', 'nightwatch' ]
12 info lifecycle voting_app@1.1.0~e2e: Failed to exec e2e script
13 verbose stack Error: voting_app@1.1.0 e2e: `nightwatch`
13 verbose stack spawn ENOENT
13 verbose stack     at ChildProcess.<anonymous> (/usr/lib/node_modules/npm/lib/utils/spawn.js:33:16)
13 verbose stack     at emitTwo (events.js:106:13)
13 verbose stack     at ChildProcess.emit (events.js:191:7)
13 verbose stack     at maybeClose (internal/child_process.js:891:16)
13 verbose stack     at Process.ChildProcess._handle.onexit (internal/child_process.js:226:5)
14 verbose pkgid voting_app@1.1.0
15 verbose cwd /home/askar/Downloads/fullstack-react-code/voting_app
16 error Linux 4.10.0-33-generic
17 error argv "/usr/bin/nodejs" "/usr/bin/npm" "run" "e2e"
18 error node v6.11.2
19 error npm  v3.10.10
20 error file sh
21 error code ELIFECYCLE
22 error errno ENOENT
23 error syscall spawn
24 error voting_app@1.1.0 e2e: `nightwatch`
24 error spawn ENOENT
25 error Failed at the voting_app@1.1.0 e2e script 'nightwatch'.
25 error Make sure you have the latest version of node.js and npm installed.
25 error If you do, this is most likely a problem with the voting_app package,
25 error not with npm itself.
25 error Tell the author that this fails on your system:
25 error     nightwatch
25 error You can get information on how to open an issue for this project with:
25 error     npm bugs voting_app
25 error Or if that isn't available, you can get their info via:
25 error     npm owner ls voting_app
25 error There is likely additional logging output above.
26 verbose exit [ 1, true ]
